<?xml version="1.0" encoding="UTF-8"?>
<!-- Generated by org.testng.reporters.JUnitXMLReporter -->
<testsuite hostname="DEFRAVD614277" name="Test" tests="1" failures="1" timestamp="30 Aug 2018 19:48:11 GMT" time="8.821" errors="0">
  <testcase name="loginTest" time="2.937" classname="com.test.TestBuild.SeleniumTest">
    <failure type="java.lang.AssertionError" message="expected [Welcome] but found [Login]">
      <![CDATA[java.lang.AssertionError: expected [Welcome] but found [Login]
	at com.test.TestBuild.SeleniumTest.loginTest(SeleniumTest.java:47)
	at com.test.TestBuild.TestRunner.main(TestRunner.java:19)
... Removed 27 stack frames]]>
    </failure>
  </testcase> <!-- loginTest -->
</testsuite> <!-- Test -->
